<?xml version="1.0" encoding="UTF-8"?>
<!-- Generated by org.testng.reporters.JUnitReportReporter -->
<testsuite skipped="0" hostname="DESKTOP-66NL67F" name="Login_Test.TC_04" tests="2" failures="0" timestamp="2020-10-27T18:27:18 BDT" time="6.069" errors="0">
  <testcase name="login_invalid_2" time="0.349" classname="Login_Test.TC_04"/>
  <system-out/>
  <testcase name="login" time="5.720" classname="Login_Test.TC_04"/>
  <system-out/>
</testsuite> <!-- Login_Test.TC_04 -->
