<?xml version="1.0" encoding="UTF-8"?>
<!-- Generated by org.testng.reporters.JUnitReportReporter -->
<testsuite skipped="0" hostname="DESKTOP-66NL67F" name="Login_Test.TC_05" tests="2" failures="0" timestamp="2020-10-27T18:27:18 BDT" time="6.921" errors="0">
  <testcase name="login" time="6.501" classname="Login_Test.TC_05"/>
  <system-out/>
  <testcase name="login_invalid_3" time="0.420" classname="Login_Test.TC_05"/>
  <system-out/>
</testsuite> <!-- Login_Test.TC_05 -->
