<?xml version="1.0" encoding="UTF-8"?>
<!-- Generated by org.testng.reporters.JUnitReportReporter -->
<testsuite skipped="0" hostname="DESKTOP-66NL67F" name="Login_Test.TC_07" tests="2" failures="0" timestamp="2020-10-27T18:27:18 BDT" time="6.668" errors="0">
  <testcase name="login" time="6.382" classname="Login_Test.TC_07"/>
  <system-out/>
  <testcase name="login_invalid_5" time="0.286" classname="Login_Test.TC_07"/>
  <system-out/>
</testsuite> <!-- Login_Test.TC_07 -->
