<?xml version="1.0" encoding="UTF-8"?>
<!-- Generated by org.testng.reporters.JUnitReportReporter -->
<testsuite skipped="0" hostname="DESKTOP-66NL67F" name="common.Base" tests="1" failures="0" timestamp="2020-10-27T11:49:00 BDT" time="6.994" errors="0">
  <testcase name="login" time="6.994" classname="common.Base"/>
  <system-out/>
</testsuite> <!-- common.Base -->
