<?xml version="1.0" encoding="UTF-8"?>
<!-- Generated by org.testng.reporters.JUnitReportReporter -->
<testsuite skipped="0" hostname="DESKTOP-66NL67F" name="Login_Test.TC_01" tests="2" failures="0" timestamp="2020-10-27T18:27:18 BDT" time="10.200" errors="0">
  <testcase name="logValid" time="2.664" classname="Login_Test.TC_01"/>
  <system-out/>
  <testcase name="login" time="7.536" classname="Login_Test.TC_01"/>
  <system-out/>
</testsuite> <!-- Login_Test.TC_01 -->
