<?xml version="1.0" encoding="UTF-8"?>
<!-- Generated by org.testng.reporters.JUnitReportReporter -->
<testsuite skipped="0" hostname="DESKTOP-66NL67F" name="Login_Test.TC_08" tests="2" failures="0" timestamp="2020-10-27T18:27:18 BDT" time="7.902" errors="0">
  <testcase name="login_invalid_6" time="0.818" classname="Login_Test.TC_08"/>
  <system-out/>
  <testcase name="login" time="7.084" classname="Login_Test.TC_08"/>
  <system-out/>
</testsuite> <!-- Login_Test.TC_08 -->
